
> vue@1.0.0 build-storybook
> storybook build --output-dir /var/folders/jg/ndzdxwyj6bqcvxjbb1252l5h0000gn/T/chromatic--29837-WZaam07viIhq

@storybook/cli v7.5.1

info => Cleaning outputDir: /var/folders/jg/ndzdxwyj6bqcvxjbb1252l5h0000gn/T/chromatic--29837-WZaam07viIhq
info => Loading presets
info => Building manager..
info => Manager built (98 ms)
info => Building preview..
info => Copying static files: /Users/mywawa11/Desktop/Vue/node_modules/@storybook/manager/static at /var/folders/jg/ndzdxwyj6bqcvxjbb1252l5h0000gn/T/chromatic--29837-WZaam07viIhq/sb-common-assets
vite v4.5.0 building for production...

./sb-common-assets/fonts.css doesn't exist at build time, it will remain unchanged to be resolved at runtime
transforming...
✓ 38 modules transformed.
✓ built in 562ms
[commonjs--resolver] Unexpected token
file: /Users/mywawa11/Desktop/Vue/node_modules/storybook-addon-designs/esm/index.js:1:57
1: import addons, { makeDecorator } from '@storybook/addons';
                                                            ^
2: import { Events, PanelName, ParameterName } from './addon';
3: var wrapper = function (getStory, context, _a) {
=> Failed to build the preview
RollupError: Unexpected token
    at error (file://./node_modules/rollup/dist/es/shared/node-entry.js:2287:30)
    at Module.error (file://./node_modules/rollup/dist/es/shared/node-entry.js:13745:16)
    at Module.tryParse (file://./node_modules/rollup/dist/es/shared/node-entry.js:14476:25)
    at Module.setSource (file://./node_modules/rollup/dist/es/shared/node-entry.js:14077:39)
    at ModuleLoader.addModuleSource (file://./node_modules/rollup/dist/es/shared/node-entry.js:24649:20)
[?25l[2K[1G[36m?[39m [1mWould you like to help improve Storybook by sending anonymous crash reports?[22m [90m›[39m [90m(Y/n)[39m